# JRE version: Java(TM) SE Runtime Environment (8.0_161-b12) (build 1.8.0_161-b12)
# Java VM: Java HotSpot(TM) 64-Bit Server VM (25.161-b12 mixed mode bsd-amd64 compressed oops)
Heap:
 PSYoungGen      total 74752K, used 39428K [0x000000076ab00000, 0x0000000770880000, 0x00000007c0000000)
  eden space 64000K, 61% used [0x000000076ab00000,0x000000076d181048,0x000000076e980000)
  from space 10752K, 0% used [0x000000076eb00000,0x000000076eb00000,0x000000076f580000)
  to   space 15872K, 0% used [0x000000076f900000,0x000000076f900000,0x0000000770880000)
 ParOldGen       total 86528K, used 18996K [0x00000006c0000000, 0x00000006c5480000, 0x000000076ab00000)
  object space 86528K, 21% used [0x00000006c0000000,0x00000006c128d248,0x00000006c5480000)
 Metaspace       used 36078K, capacity 37926K, committed 38272K, reserved 1083392K
  class space    used 4602K, capacity 4952K, committed 4992K, reserved 1048576K
GC Heap History (10 events):
Event: 6.781 GC heap before
{Heap before GC invocations=3 (full 1):
 PSYoungGen      total 76288K, used 7426K [0x000000076ab00000, 0x0000000770000000, 0x00000007c0000000)
  eden space 65536K, 0% used [0x000000076ab00000,0x000000076ab00000,0x000000076eb00000)
  from space 10752K, 69% used [0x000000076f580000,0x000000076fcc0970,0x0000000770000000)
  to   space 10752K, 0% used [0x000000076eb00000,0x000000076eb00000,0x000000076f580000)
 ParOldGen       total 175104K, used 88K [0x00000006c0000000, 0x00000006cab00000, 0x000000076ab00000)
  object space 175104K, 0% used [0x00000006c0000000,0x00000006c0016010,0x00000006cab00000)
 Metaspace       used 20448K, capacity 21136K, committed 21296K, reserved 1069056K
  class space    used 2468K, capacity 2645K, committed 2688K, reserved 1048576K
Event: 6.802 GC heap after
Heap after GC invocations=3 (full 1):
 PSYoungGen      total 76288K, used 0K [0x000000076ab00000, 0x0000000770000000, 0x00000007c0000000)
  eden space 65536K, 0% used [0x000000076ab00000,0x000000076ab00000,0x000000076eb00000)
  from space 10752K, 0% used [0x000000076f580000,0x000000076f580000,0x0000000770000000)
  to   space 10752K, 0% used [0x000000076eb00000,0x000000076eb00000,0x000000076f580000)
 ParOldGen       total 73216K, used 7237K [0x00000006c0000000, 0x00000006c4780000, 0x000000076ab00000)
  object space 73216K, 9% used [0x00000006c0000000,0x00000006c0711490,0x00000006c4780000)
 Metaspace       used 20448K, capacity 21136K, committed 21296K, reserved 1069056K
  class space    used 2468K, capacity 2645K, committed 2688K, reserved 1048576K
}
Event: 7.790 GC heap before
{Heap before GC invocations=4 (full 1):
 PSYoungGen      total 76288K, used 65536K [0x000000076ab00000, 0x0000000770000000, 0x00000007c0000000)
  eden space 65536K, 100% used [0x000000076ab00000,0x000000076eb00000,0x000000076eb00000)
  from space 10752K, 0% used [0x000000076f580000,0x000000076f580000,0x0000000770000000)
  to   space 10752K, 0% used [0x000000076eb00000,0x000000076eb00000,0x000000076f580000)
 ParOldGen       total 73216K, used 7237K [0x00000006c0000000, 0x00000006c4780000, 0x000000076ab00000)
  object space 73216K, 9% used [0x00000006c0000000,0x00000006c0711490,0x00000006c4780000)
 Metaspace       used 28932K, capacity 30242K, committed 30464K, reserved 1075200K
  class space    used 3748K, capacity 3994K, committed 4096K, reserved 1048576K
Event: 7.794 GC heap after
Heap after GC invocations=4 (full 1):
 PSYoungGen      total 76288K, used 9636K [0x000000076ab00000, 0x0000000770000000, 0x00000007c0000000)
  eden space 65536K, 0% used [0x000000076ab00000,0x000000076ab00000,0x000000076eb00000)
  from space 10752K, 89% used [0x000000076eb00000,0x000000076f4690e8,0x000000076f580000)
  to   space 10752K, 0% used [0x000000076f580000,0x000000076f580000,0x0000000770000000)
 ParOldGen       total 73216K, used 7245K [0x00000006c0000000, 0x00000006c4780000, 0x000000076ab00000)
  object space 73216K, 9% used [0x00000006c0000000,0x00000006c0713490,0x00000006c4780000)
 Metaspace       used 28932K, capacity 30242K, committed 30464K, reserved 1075200K
  class space    used 3748K, capacity 3994K, committed 4096K, reserved 1048576K
}
Event: 17.433 GC heap before
{Heap before GC invocations=5 (full 1):
 PSYoungGen      total 76288K, used 75172K [0x000000076ab00000, 0x0000000770000000, 0x00000007c0000000)
  eden space 65536K, 100% used [0x000000076ab00000,0x000000076eb00000,0x000000076eb00000)
  from space 10752K, 89% used [0x000000076eb00000,0x000000076f4690e8,0x000000076f580000)
  to   space 10752K, 0% used [0x000000076f580000,0x000000076f580000,0x0000000770000000)
 ParOldGen       total 73216K, used 7245K [0x00000006c0000000, 0x00000006c4780000, 0x000000076ab00000)
  object space 73216K, 9% used [0x00000006c0000000,0x00000006c0713490,0x00000006c4780000)
 Metaspace       used 32292K, capacity 34018K, committed 34176K, reserved 1079296K
  class space    used 4096K, capacity 4426K, committed 4480K, reserved 1048576K
Event: 17.441 GC heap after
Heap after GC invocations=5 (full 1):
 PSYoungGen      total 76288K, used 10722K [0x000000076ab00000, 0x0000000770000000, 0x00000007c0000000)
  eden space 65536K, 0% used [0x000000076ab00000,0x000000076ab00000,0x000000076eb00000)
  from space 10752K, 99% used [0x000000076f580000,0x000000076fff8aa0,0x0000000770000000)
  to   space 10752K, 0% used [0x000000076eb00000,0x000000076eb00000,0x000000076f580000)
 ParOldGen       total 73216K, used 10941K [0x00000006c0000000, 0x00000006c4780000, 0x000000076ab00000)
  object space 73216K, 14% used [0x00000006c0000000,0x00000006c0aaf520,0x00000006c4780000)
 Metaspace       used 32292K, capacity 34018K, committed 34176K, reserved 1079296K
  class space    used 4096K, capacity 4426K, committed 4480K, reserved 1048576K
}
Event: 18.588 GC heap before
{Heap before GC invocations=6 (full 1):
 PSYoungGen      total 76288K, used 33232K [0x000000076ab00000, 0x0000000770000000, 0x00000007c0000000)
  eden space 65536K, 34% used [0x000000076ab00000,0x000000076c0fb818,0x000000076eb00000)
  from space 10752K, 99% used [0x000000076f580000,0x000000076fff8aa0,0x0000000770000000)
  to   space 10752K, 0% used [0x000000076eb00000,0x000000076eb00000,0x000000076f580000)
 ParOldGen       total 73216K, used 10941K [0x00000006c0000000, 0x00000006c4780000, 0x000000076ab00000)
  object space 73216K, 14% used [0x00000006c0000000,0x00000006c0aaf520,0x00000006c4780000)
 Metaspace       used 33544K, capacity 35322K, committed 35496K, reserved 1081344K
  class space    used 4254K, capacity 4598K, committed 4608K, reserved 1048576K
Event: 18.597 GC heap after
Heap after GC invocations=6 (full 1):
 PSYoungGen      total 74752K, used 10722K [0x000000076ab00000, 0x0000000770880000, 0x00000007c0000000)
  eden space 64000K, 0% used [0x000000076ab00000,0x000000076ab00000,0x000000076e980000)
  from space 10752K, 99% used [0x000000076eb00000,0x000000076f578aa0,0x000000076f580000)
  to   space 15872K, 0% used [0x000000076f900000,0x000000076f900000,0x0000000770880000)
 ParOldGen       total 73216K, used 13174K [0x00000006c0000000, 0x00000006c4780000, 0x000000076ab00000)
  object space 73216K, 17% used [0x00000006c0000000,0x00000006c0cddbd0,0x00000006c4780000)
 Metaspace       used 33544K, capacity 35322K, committed 35496K, reserved 1081344K
  class space    used 4254K, capacity 4598K, committed 4608K, reserved 1048576K
}
Event: 18.597 GC heap before
{Heap before GC invocations=7 (full 2):
 PSYoungGen      total 74752K, used 10722K [0x000000076ab00000, 0x0000000770880000, 0x00000007c0000000)
  eden space 64000K, 0% used [0x000000076ab00000,0x000000076ab00000,0x000000076e980000)
  from space 10752K, 99% used [0x000000076eb00000,0x000000076f578aa0,0x000000076f580000)
  to   space 15872K, 0% used [0x000000076f900000,0x000000076f900000,0x0000000770880000)
 ParOldGen       total 73216K, used 13174K [0x00000006c0000000, 0x00000006c4780000, 0x000000076ab00000)
  object space 73216K, 17% used [0x00000006c0000000,0x00000006c0cddbd0,0x00000006c4780000)
 Metaspace       used 33544K, capacity 35322K, committed 35496K, reserved 1081344K
  class space    used 4254K, capacity 4598K, committed 4608K, reserved 1048576K
Event: 18.653 GC heap after
Heap after GC invocations=7 (full 2):
 PSYoungGen      total 74752K, used 0K [0x000000076ab00000, 0x0000000770880000, 0x00000007c0000000)
  eden space 64000K, 0% used [0x000000076ab00000,0x000000076ab00000,0x000000076e980000)
  from space 10752K, 0% used [0x000000076eb00000,0x000000076eb00000,0x000000076f580000)
  to   space 15872K, 0% used [0x000000076f900000,0x000000076f900000,0x0000000770880000)
 ParOldGen       total 86528K, used 18996K [0x00000006c0000000, 0x00000006c5480000, 0x000000076ab00000)
  object space 86528K, 21% used [0x00000006c0000000,0x00000006c128d248,0x00000006c5480000)
 Metaspace       used 33544K, capacity 35322K, committed 35496K, reserved 1081344K
  class space    used 4254K, capacity 4598K, committed 4608K, reserved 1048576K
}

